[0.414s] DEBUG:colcon:Command line arguments: ['/usr/bin/colcon', 'build', '--packages-select', 'broadcaster_listener']
[0.414s] DEBUG:colcon:Parsed command line arguments: Namespace(log_base=None, log_level=None, verb_name='build', build_base='build', install_base='install', merge_install=False, symlink_install=False, test_result_base=None, continue_on_error=False, executor='parallel', parallel_workers=16, event_handlers=None, ignore_user_meta=False, metas=['./colcon.meta'], base_paths=['.'], packages_ignore=None, packages_ignore_regex=None, paths=None, packages_up_to=None, packages_up_to_regex=None, packages_above=None, packages_above_and_dependencies=None, packages_above_depth=None, packages_select_by_dep=None, packages_skip_by_dep=None, packages_skip_up_to=None, packages_select_build_failed=False, packages_skip_build_finished=False, packages_select_test_failures=False, packages_skip_test_passed=False, packages_select=['broadcaster_listener'], packages_skip=None, packages_select_regex=None, packages_skip_regex=None, packages_start=None, packages_end=None, allow_overriding=[], cmake_args=None, cmake_target=None, cmake_target_skip_unavailable=False, cmake_clean_cache=False, cmake_clean_first=False, cmake_force_configure=False, ament_cmake_args=None, catkin_cmake_args=None, catkin_skip_building_tests=False, verb_parser=<colcon_defaults.argument_parser.defaults.DefaultArgumentsDecorator object at 0x7f78107807f0>, verb_extension=<colcon_core.verb.build.BuildVerb object at 0x7f7810ac5c00>, main=<bound method BuildVerb.main of <colcon_core.verb.build.BuildVerb object at 0x7f7810ac5c00>>)
[0.438s] Level 1:colcon.colcon_core.package_discovery:discover_packages(colcon_meta) check parameters
[0.438s] Level 1:colcon.colcon_core.package_discovery:discover_packages(recursive) check parameters
[0.438s] Level 1:colcon.colcon_core.package_discovery:discover_packages(ignore) check parameters
[0.438s] Level 1:colcon.colcon_core.package_discovery:discover_packages(path) check parameters
[0.438s] Level 1:colcon.colcon_core.package_discovery:discover_packages(colcon_meta) discover
[0.438s] Level 1:colcon.colcon_core.package_discovery:discover_packages(recursive) discover
[0.438s] INFO:colcon.colcon_core.package_discovery:Crawling recursively for packages in '/home/dilumin/robotics'
[0.438s] Level 1:colcon.colcon_core.package_identification:_identify(.) by extensions ['ignore', 'ignore_ament_install']
[0.438s] Level 1:colcon.colcon_core.package_identification:_identify(.) by extension 'ignore'
[0.438s] Level 1:colcon.colcon_core.package_identification:_identify(.) by extension 'ignore_ament_install'
[0.438s] Level 1:colcon.colcon_core.package_identification:_identify(.) by extensions ['colcon_pkg']
[0.438s] Level 1:colcon.colcon_core.package_identification:_identify(.) by extension 'colcon_pkg'
[0.438s] Level 1:colcon.colcon_core.package_identification:_identify(.) by extensions ['colcon_meta']
[0.438s] Level 1:colcon.colcon_core.package_identification:_identify(.) by extension 'colcon_meta'
[0.438s] Level 1:colcon.colcon_core.package_identification:_identify(.) by extensions ['ros']
[0.438s] Level 1:colcon.colcon_core.package_identification:_identify(.) by extension 'ros'
[0.447s] Level 1:colcon.colcon_core.package_identification:_identify(.) by extensions ['cmake', 'python']
[0.447s] Level 1:colcon.colcon_core.package_identification:_identify(.) by extension 'cmake'
[0.447s] Level 1:colcon.colcon_core.package_identification:_identify(.) by extension 'python'
[0.447s] Level 1:colcon.colcon_core.package_identification:_identify(.) by extensions ['python_setup_py']
[0.447s] Level 1:colcon.colcon_core.package_identification:_identify(.) by extension 'python_setup_py'
[0.447s] Level 1:colcon.colcon_core.package_identification:_identify(build) by extensions ['ignore', 'ignore_ament_install']
[0.447s] Level 1:colcon.colcon_core.package_identification:_identify(build) by extension 'ignore'
[0.447s] Level 1:colcon.colcon_core.package_identification:_identify(build) ignored
[0.447s] Level 1:colcon.colcon_core.package_identification:_identify(install) by extensions ['ignore', 'ignore_ament_install']
[0.447s] Level 1:colcon.colcon_core.package_identification:_identify(install) by extension 'ignore'
[0.447s] Level 1:colcon.colcon_core.package_identification:_identify(install) ignored
[0.447s] Level 1:colcon.colcon_core.package_identification:_identify(log) by extensions ['ignore', 'ignore_ament_install']
[0.447s] Level 1:colcon.colcon_core.package_identification:_identify(log) by extension 'ignore'
[0.447s] Level 1:colcon.colcon_core.package_identification:_identify(log) ignored
[0.448s] Level 1:colcon.colcon_core.package_identification:_identify(src) by extensions ['ignore', 'ignore_ament_install']
[0.448s] Level 1:colcon.colcon_core.package_identification:_identify(src) by extension 'ignore'
[0.448s] Level 1:colcon.colcon_core.package_identification:_identify(src) by extension 'ignore_ament_install'
[0.448s] Level 1:colcon.colcon_core.package_identification:_identify(src) by extensions ['colcon_pkg']
[0.448s] Level 1:colcon.colcon_core.package_identification:_identify(src) by extension 'colcon_pkg'
[0.448s] Level 1:colcon.colcon_core.package_identification:_identify(src) by extensions ['colcon_meta']
[0.448s] Level 1:colcon.colcon_core.package_identification:_identify(src) by extension 'colcon_meta'
[0.448s] Level 1:colcon.colcon_core.package_identification:_identify(src) by extensions ['ros']
[0.448s] Level 1:colcon.colcon_core.package_identification:_identify(src) by extension 'ros'
[0.448s] Level 1:colcon.colcon_core.package_identification:_identify(src) by extensions ['cmake', 'python']
[0.448s] Level 1:colcon.colcon_core.package_identification:_identify(src) by extension 'cmake'
[0.448s] Level 1:colcon.colcon_core.package_identification:_identify(src) by extension 'python'
[0.448s] Level 1:colcon.colcon_core.package_identification:_identify(src) by extensions ['python_setup_py']
[0.448s] Level 1:colcon.colcon_core.package_identification:_identify(src) by extension 'python_setup_py'
[0.448s] Level 1:colcon.colcon_core.package_identification:_identify(src/broadcaster_listener) by extensions ['ignore', 'ignore_ament_install']
[0.448s] Level 1:colcon.colcon_core.package_identification:_identify(src/broadcaster_listener) by extension 'ignore'
[0.448s] Level 1:colcon.colcon_core.package_identification:_identify(src/broadcaster_listener) by extension 'ignore_ament_install'
[0.448s] Level 1:colcon.colcon_core.package_identification:_identify(src/broadcaster_listener) by extensions ['colcon_pkg']
[0.448s] Level 1:colcon.colcon_core.package_identification:_identify(src/broadcaster_listener) by extension 'colcon_pkg'
[0.448s] Level 1:colcon.colcon_core.package_identification:_identify(src/broadcaster_listener) by extensions ['colcon_meta']
[0.448s] Level 1:colcon.colcon_core.package_identification:_identify(src/broadcaster_listener) by extension 'colcon_meta'
[0.448s] Level 1:colcon.colcon_core.package_identification:_identify(src/broadcaster_listener) by extensions ['ros']
[0.448s] Level 1:colcon.colcon_core.package_identification:_identify(src/broadcaster_listener) by extension 'ros'
[0.450s] DEBUG:colcon.colcon_core.package_identification:Package 'src/broadcaster_listener' with type 'ros.ament_python' and name 'broadcaster_listener'
[0.450s] Level 1:colcon.colcon_core.package_discovery:discover_packages(recursive) using defaults
[0.450s] Level 1:colcon.colcon_core.package_discovery:discover_packages(ignore) discover
[0.450s] Level 1:colcon.colcon_core.package_discovery:discover_packages(ignore) using defaults
[0.450s] Level 1:colcon.colcon_core.package_discovery:discover_packages(path) discover
[0.450s] Level 1:colcon.colcon_core.package_discovery:discover_packages(path) using defaults
[0.489s] Level 1:colcon.colcon_core.package_discovery:discover_packages(prefix_path) check parameters
[0.489s] Level 1:colcon.colcon_core.package_discovery:discover_packages(prefix_path) discover
[0.495s] Level 1:colcon.colcon_core.package_discovery:discover_packages(prefix_path) using defaults
[0.506s] Level 5:colcon.colcon_core.verb:set package 'broadcaster_listener' build argument 'cmake_args' from command line to 'None'
[0.506s] Level 5:colcon.colcon_core.verb:set package 'broadcaster_listener' build argument 'cmake_target' from command line to 'None'
[0.506s] Level 5:colcon.colcon_core.verb:set package 'broadcaster_listener' build argument 'cmake_target_skip_unavailable' from command line to 'False'
[0.506s] Level 5:colcon.colcon_core.verb:set package 'broadcaster_listener' build argument 'cmake_clean_cache' from command line to 'False'
[0.506s] Level 5:colcon.colcon_core.verb:set package 'broadcaster_listener' build argument 'cmake_clean_first' from command line to 'False'
[0.506s] Level 5:colcon.colcon_core.verb:set package 'broadcaster_listener' build argument 'cmake_force_configure' from command line to 'False'
[0.506s] Level 5:colcon.colcon_core.verb:set package 'broadcaster_listener' build argument 'ament_cmake_args' from command line to 'None'
[0.506s] Level 5:colcon.colcon_core.verb:set package 'broadcaster_listener' build argument 'catkin_cmake_args' from command line to 'None'
[0.506s] Level 5:colcon.colcon_core.verb:set package 'broadcaster_listener' build argument 'catkin_skip_building_tests' from command line to 'False'
[0.506s] DEBUG:colcon.colcon_core.verb:Building package 'broadcaster_listener' with the following arguments: {'ament_cmake_args': None, 'build_base': '/home/dilumin/robotics/build/broadcaster_listener', 'catkin_cmake_args': None, 'catkin_skip_building_tests': False, 'cmake_args': None, 'cmake_clean_cache': False, 'cmake_clean_first': False, 'cmake_force_configure': False, 'cmake_target': None, 'cmake_target_skip_unavailable': False, 'install_base': '/home/dilumin/robotics/install/broadcaster_listener', 'merge_install': False, 'path': '/home/dilumin/robotics/src/broadcaster_listener', 'symlink_install': False, 'test_result_base': None}
[0.511s] INFO:colcon.colcon_core.executor:Executing jobs using 'parallel' executor
[0.517s] DEBUG:colcon.colcon_parallel_executor.executor.parallel:run_until_complete
[0.517s] INFO:colcon.colcon_ros.task.ament_python.build:Building ROS package in '/home/dilumin/robotics/src/broadcaster_listener' with build type 'ament_python'
[0.518s] Level 1:colcon.colcon_core.shell:create_environment_hook('broadcaster_listener', 'ament_prefix_path')
[0.524s] INFO:colcon.colcon_core.plugin_system:Skipping extension 'colcon_core.shell.bat': Not used on non-Windows systems
[0.524s] INFO:colcon.colcon_core.shell:Creating environment hook '/home/dilumin/robotics/install/broadcaster_listener/share/broadcaster_listener/hook/ament_prefix_path.ps1'
[0.524s] INFO:colcon.colcon_core.shell:Creating environment descriptor '/home/dilumin/robotics/install/broadcaster_listener/share/broadcaster_listener/hook/ament_prefix_path.dsv'
[0.525s] INFO:colcon.colcon_core.shell:Creating environment hook '/home/dilumin/robotics/install/broadcaster_listener/share/broadcaster_listener/hook/ament_prefix_path.sh'
[0.531s] INFO:colcon.colcon_core.shell:Skip shell extension 'powershell' for command environment: Not usable outside of PowerShell
[0.531s] DEBUG:colcon.colcon_core.shell:Skip shell extension 'dsv' for command environment
[0.689s] INFO:colcon.colcon_core.task.python.build:Building Python package in '/home/dilumin/robotics/src/broadcaster_listener'
[0.695s] INFO:colcon.colcon_core.shell:Skip shell extension 'powershell' for command environment: Not usable outside of PowerShell
[0.695s] DEBUG:colcon.colcon_core.shell:Skip shell extension 'dsv' for command environment
[0.907s] DEBUG:colcon.colcon_core.event_handler.log_command:Invoking command in '/home/dilumin/robotics/src/broadcaster_listener': PYTHONPATH=/home/dilumin/robotics/build/broadcaster_listener/prefix_override:/home/dilumin/robotics/install/broadcaster_listener/lib/python3.10/site-packages: /usr/bin/python3 setup.py egg_info --egg-base ../../build/broadcaster_listener build --build-base /home/dilumin/robotics/build/broadcaster_listener/build install --record /home/dilumin/robotics/build/broadcaster_listener/install.log --single-version-externally-managed
[1.086s] DEBUG:colcon.colcon_core.event_handler.log_command:Invoked command in '/home/dilumin/robotics/src/broadcaster_listener' returned '0': PYTHONPATH=/home/dilumin/robotics/build/broadcaster_listener/prefix_override:/home/dilumin/robotics/install/broadcaster_listener/lib/python3.10/site-packages: /usr/bin/python3 setup.py egg_info --egg-base ../../build/broadcaster_listener build --build-base /home/dilumin/robotics/build/broadcaster_listener/build install --record /home/dilumin/robotics/build/broadcaster_listener/install.log --single-version-externally-managed
[1.093s] Level 1:colcon.colcon_core.environment:checking '/home/dilumin/robotics/install/broadcaster_listener' for CMake module files
[1.093s] Level 1:colcon.colcon_core.environment:checking '/home/dilumin/robotics/install/broadcaster_listener' for CMake config files
[1.094s] Level 1:colcon.colcon_core.environment:checking '/home/dilumin/robotics/install/broadcaster_listener/lib'
[1.094s] Level 1:colcon.colcon_core.environment:checking '/home/dilumin/robotics/install/broadcaster_listener/bin'
[1.094s] Level 1:colcon.colcon_core.environment:checking '/home/dilumin/robotics/install/broadcaster_listener/lib/pkgconfig/broadcaster_listener.pc'
[1.094s] Level 1:colcon.colcon_core.environment:checking '/home/dilumin/robotics/install/broadcaster_listener/lib/python3.10/site-packages'
[1.094s] Level 1:colcon.colcon_core.shell:create_environment_hook('broadcaster_listener', 'pythonpath')
[1.100s] INFO:colcon.colcon_core.shell:Creating environment hook '/home/dilumin/robotics/install/broadcaster_listener/share/broadcaster_listener/hook/pythonpath.ps1'
[1.100s] INFO:colcon.colcon_core.shell:Creating environment descriptor '/home/dilumin/robotics/install/broadcaster_listener/share/broadcaster_listener/hook/pythonpath.dsv'
[1.100s] INFO:colcon.colcon_core.shell:Creating environment hook '/home/dilumin/robotics/install/broadcaster_listener/share/broadcaster_listener/hook/pythonpath.sh'
[1.101s] Level 1:colcon.colcon_core.environment:checking '/home/dilumin/robotics/install/broadcaster_listener/bin'
[1.101s] Level 1:colcon.colcon_core.environment:create_environment_scripts_only(broadcaster_listener)
[1.106s] INFO:colcon.colcon_core.shell:Creating package script '/home/dilumin/robotics/install/broadcaster_listener/share/broadcaster_listener/package.ps1'
[1.107s] INFO:colcon.colcon_core.shell:Creating package descriptor '/home/dilumin/robotics/install/broadcaster_listener/share/broadcaster_listener/package.dsv'
[1.107s] INFO:colcon.colcon_core.shell:Creating package script '/home/dilumin/robotics/install/broadcaster_listener/share/broadcaster_listener/package.sh'
[1.107s] INFO:colcon.colcon_core.shell:Creating package script '/home/dilumin/robotics/install/broadcaster_listener/share/broadcaster_listener/package.bash'
[1.108s] INFO:colcon.colcon_core.shell:Creating package script '/home/dilumin/robotics/install/broadcaster_listener/share/broadcaster_listener/package.zsh'
[1.108s] Level 1:colcon.colcon_core.environment:create_file_with_runtime_dependencies(/home/dilumin/robotics/install/broadcaster_listener/share/colcon-core/packages/broadcaster_listener)
[1.109s] DEBUG:colcon.colcon_parallel_executor.executor.parallel:closing loop
[1.109s] DEBUG:colcon.colcon_parallel_executor.executor.parallel:loop closed
[1.109s] DEBUG:colcon.colcon_parallel_executor.executor.parallel:run_until_complete finished with '0'
[1.109s] DEBUG:colcon.colcon_core.event_reactor:joining thread
[1.119s] INFO:colcon.colcon_core.plugin_system:Skipping extension 'colcon_notification.desktop_notification.terminal_notifier': Not used on non-Darwin systems
[1.119s] INFO:colcon.colcon_core.plugin_system:Skipping extension 'colcon_notification.desktop_notification.win32': Not used on non-Windows systems
[1.119s] INFO:colcon.colcon_notification.desktop_notification:Sending desktop notification using 'notify2'
[1.135s] DEBUG:colcon.colcon_core.event_reactor:joined thread
[1.142s] INFO:colcon.colcon_core.shell:Creating prefix script '/home/dilumin/robotics/install/local_setup.ps1'
[1.143s] INFO:colcon.colcon_core.shell:Creating prefix util module '/home/dilumin/robotics/install/_local_setup_util_ps1.py'
[1.144s] INFO:colcon.colcon_core.shell:Creating prefix chain script '/home/dilumin/robotics/install/setup.ps1'
[1.149s] INFO:colcon.colcon_core.shell:Creating prefix script '/home/dilumin/robotics/install/local_setup.sh'
[1.150s] INFO:colcon.colcon_core.shell:Creating prefix util module '/home/dilumin/robotics/install/_local_setup_util_sh.py'
[1.150s] INFO:colcon.colcon_core.shell:Creating prefix chain script '/home/dilumin/robotics/install/setup.sh'
[1.156s] INFO:colcon.colcon_core.shell:Creating prefix script '/home/dilumin/robotics/install/local_setup.bash'
[1.156s] INFO:colcon.colcon_core.shell:Creating prefix chain script '/home/dilumin/robotics/install/setup.bash'
[1.162s] INFO:colcon.colcon_core.shell:Creating prefix script '/home/dilumin/robotics/install/local_setup.zsh'
[1.162s] INFO:colcon.colcon_core.shell:Creating prefix chain script '/home/dilumin/robotics/install/setup.zsh'
