[0.353s] Invoking command in '/home/dilumin/robotics/src/broadcaster_listener': PYTHONPATH=/home/dilumin/robotics/build/broadcaster_listener/prefix_override:/home/dilumin/robotics/install/broadcaster_listener/lib/python3.10/site-packages: /usr/bin/python3 setup.py egg_info --egg-base ../../build/broadcaster_listener build --build-base /home/dilumin/robotics/build/broadcaster_listener/build install --record /home/dilumin/robotics/build/broadcaster_listener/install.log --single-version-externally-managed
[0.478s] running egg_info
[0.479s] writing ../../build/broadcaster_listener/broadcaster_listener.egg-info/PKG-INFO
[0.479s] writing dependency_links to ../../build/broadcaster_listener/broadcaster_listener.egg-info/dependency_links.txt
[0.479s] writing entry points to ../../build/broadcaster_listener/broadcaster_listener.egg-info/entry_points.txt
[0.479s] writing requirements to ../../build/broadcaster_listener/broadcaster_listener.egg-info/requires.txt
[0.479s] writing top-level names to ../../build/broadcaster_listener/broadcaster_listener.egg-info/top_level.txt
[0.480s] reading manifest file '../../build/broadcaster_listener/broadcaster_listener.egg-info/SOURCES.txt'
[0.480s] adding license file 'LICENSE'
[0.481s] writing manifest file '../../build/broadcaster_listener/broadcaster_listener.egg-info/SOURCES.txt'
[0.481s] running build
[0.481s] running build_py
[0.481s] copying broadcaster_listener/fixed_frame_tf2_broadcaster.py -> /home/dilumin/robotics/build/broadcaster_listener/build/lib/broadcaster_listener
[0.481s] running install
[0.481s] /usr/lib/python3/dist-packages/setuptools/command/install.py:34: SetuptoolsDeprecationWarning: setup.py install is deprecated. Use build and pip and other standards-based tools.
[0.481s]   warnings.warn(
[0.481s] running install_lib
[0.482s] copying /home/dilumin/robotics/build/broadcaster_listener/build/lib/broadcaster_listener/fixed_frame_tf2_broadcaster.py -> /home/dilumin/robotics/install/broadcaster_listener/lib/python3.10/site-packages/broadcaster_listener
[0.482s] byte-compiling /home/dilumin/robotics/install/broadcaster_listener/lib/python3.10/site-packages/broadcaster_listener/fixed_frame_tf2_broadcaster.py to fixed_frame_tf2_broadcaster.cpython-310.pyc
[0.483s] running install_data
[0.483s] copying launch/turtle_tf2_fixed_frame_demo.launch.py -> /home/dilumin/robotics/install/broadcaster_listener/share/broadcaster_listener/launch
[0.483s] running install_egg_info
[0.484s] removing '/home/dilumin/robotics/install/broadcaster_listener/lib/python3.10/site-packages/broadcaster_listener-0.0.0-py3.10.egg-info' (and everything under it)
[0.484s] Copying ../../build/broadcaster_listener/broadcaster_listener.egg-info to /home/dilumin/robotics/install/broadcaster_listener/lib/python3.10/site-packages/broadcaster_listener-0.0.0-py3.10.egg-info
[0.485s] running install_scripts
[0.499s] Installing fixed_frame_tf2_broadcaster script to /home/dilumin/robotics/install/broadcaster_listener/lib/broadcaster_listener
[0.499s] Installing turtle_tf2_broadcaster script to /home/dilumin/robotics/install/broadcaster_listener/lib/broadcaster_listener
[0.499s] Installing turtle_tf2_listener script to /home/dilumin/robotics/install/broadcaster_listener/lib/broadcaster_listener
[0.499s] writing list of installed files to '/home/dilumin/robotics/build/broadcaster_listener/install.log'
[0.513s] Invoked command in '/home/dilumin/robotics/src/broadcaster_listener' returned '0': PYTHONPATH=/home/dilumin/robotics/build/broadcaster_listener/prefix_override:/home/dilumin/robotics/install/broadcaster_listener/lib/python3.10/site-packages: /usr/bin/python3 setup.py egg_info --egg-base ../../build/broadcaster_listener build --build-base /home/dilumin/robotics/build/broadcaster_listener/build install --record /home/dilumin/robotics/build/broadcaster_listener/install.log --single-version-externally-managed
