[0.490s] Invoking command in '/home/dilumin/robotics/src/broadcaster_listener': PYTHONPATH=/home/dilumin/robotics/build/broadcaster_listener/prefix_override:/home/dilumin/robotics/install/broadcaster_listener/lib/python3.10/site-packages:${PYTHONPATH} /usr/bin/python3 setup.py egg_info --egg-base ../../build/broadcaster_listener build --build-base /home/dilumin/robotics/build/broadcaster_listener/build install --record /home/dilumin/robotics/build/broadcaster_listener/install.log --single-version-externally-managed
[0.656s] running egg_info
[0.657s] writing ../../build/broadcaster_listener/broadcaster_listener.egg-info/PKG-INFO
[0.660s] writing dependency_links to ../../build/broadcaster_listener/broadcaster_listener.egg-info/dependency_links.txt
[0.660s] writing entry points to ../../build/broadcaster_listener/broadcaster_listener.egg-info/entry_points.txt
[0.660s] writing requirements to ../../build/broadcaster_listener/broadcaster_listener.egg-info/requires.txt
[0.660s] writing top-level names to ../../build/broadcaster_listener/broadcaster_listener.egg-info/top_level.txt
[0.662s] reading manifest file '../../build/broadcaster_listener/broadcaster_listener.egg-info/SOURCES.txt'
[0.662s] adding license file 'LICENSE'
[0.663s] writing manifest file '../../build/broadcaster_listener/broadcaster_listener.egg-info/SOURCES.txt'
[0.663s] running build
[0.663s] running build_py
[0.663s] copying broadcaster_listener/dynamic_frame_tf2_broadcaster.py -> /home/dilumin/robotics/build/broadcaster_listener/build/lib/broadcaster_listener
[0.663s] running install
[0.664s] /usr/lib/python3/dist-packages/setuptools/command/install.py:34: SetuptoolsDeprecationWarning: setup.py install is deprecated. Use build and pip and other standards-based tools.
[0.664s]   warnings.warn(
[0.664s] running install_lib
[0.665s] copying /home/dilumin/robotics/build/broadcaster_listener/build/lib/broadcaster_listener/dynamic_frame_tf2_broadcaster.py -> /home/dilumin/robotics/install/broadcaster_listener/lib/python3.10/site-packages/broadcaster_listener
[0.665s] byte-compiling /home/dilumin/robotics/install/broadcaster_listener/lib/python3.10/site-packages/broadcaster_listener/dynamic_frame_tf2_broadcaster.py to dynamic_frame_tf2_broadcaster.cpython-310.pyc
[0.666s] running install_data
[0.666s] copying launch/turtle_tf2_dynamic_frame_demo.launch.py -> /home/dilumin/robotics/install/broadcaster_listener/share/broadcaster_listener/launch
[0.666s] running install_egg_info
[0.667s] removing '/home/dilumin/robotics/install/broadcaster_listener/lib/python3.10/site-packages/broadcaster_listener-0.0.0-py3.10.egg-info' (and everything under it)
[0.668s] Copying ../../build/broadcaster_listener/broadcaster_listener.egg-info to /home/dilumin/robotics/install/broadcaster_listener/lib/python3.10/site-packages/broadcaster_listener-0.0.0-py3.10.egg-info
[0.669s] running install_scripts
[0.683s] Installing dynamic_frame_tf2_broadcaster script to /home/dilumin/robotics/install/broadcaster_listener/lib/broadcaster_listener
[0.683s] Installing fixed_frame_tf2_broadcaster script to /home/dilumin/robotics/install/broadcaster_listener/lib/broadcaster_listener
[0.683s] Installing turtle_tf2_broadcaster script to /home/dilumin/robotics/install/broadcaster_listener/lib/broadcaster_listener
[0.683s] Installing turtle_tf2_listener script to /home/dilumin/robotics/install/broadcaster_listener/lib/broadcaster_listener
[0.684s] writing list of installed files to '/home/dilumin/robotics/build/broadcaster_listener/install.log'
[0.701s] Invoked command in '/home/dilumin/robotics/src/broadcaster_listener' returned '0': PYTHONPATH=/home/dilumin/robotics/build/broadcaster_listener/prefix_override:/home/dilumin/robotics/install/broadcaster_listener/lib/python3.10/site-packages:${PYTHONPATH} /usr/bin/python3 setup.py egg_info --egg-base ../../build/broadcaster_listener build --build-base /home/dilumin/robotics/build/broadcaster_listener/build install --record /home/dilumin/robotics/build/broadcaster_listener/install.log --single-version-externally-managed
